2019/06/03-23:32 [main] ERROR org.springframework.boot.context.logging.LoggingApplicationListener- Cannot set level 'ERROR,INFO' for 'org.springframework.web'
2019/06/03-23:32 [main] INFO  com.cn.transport.TransportApplication- Starting TransportApplication on DESKTOP-PH8EV01 with PID 6304 (C:\Users\min.hu\Documents\Source\transport\source\target\classes started by min.hu in C:\Users\min.hu\Documents\Source\transport\source)
2019/06/03-23:32 [main] INFO  com.cn.transport.TransportApplication- No active profile set, falling back to default profiles: default
2019/06/03-23:32 [main] INFO  org.springframework.data.repository.config.RepositoryConfigurationDelegate- Multiple Spring Data modules found, entering strict repository configuration mode!
2019/06/03-23:32 [main] INFO  org.springframework.data.repository.config.RepositoryConfigurationDelegate- Bootstrapping Spring Data repositories in DEFAULT mode.
2019/06/03-23:32 [main] INFO  org.springframework.data.repository.config.RepositoryConfigurationDelegate- Finished Spring Data repository scanning in 14ms. Found 0 repository interfaces.
2019/06/03-23:32 [main] INFO  org.springframework.context.support.PostProcessorRegistrationDelegate$BeanPostProcessorChecker- Bean 'org.springframework.transaction.annotation.ProxyTransactionManagementConfiguration' of type [org.springframework.transaction.annotation.ProxyTransactionManagementConfiguration$$EnhancerBySpringCGLIB$$5fbc75f9] is not eligible for getting processed by all BeanPostProcessors (for example: not eligible for auto-proxying)
2019/06/03-23:32 [main] INFO  org.springframework.boot.web.embedded.tomcat.TomcatWebServer- Tomcat initialized with port(s): 8888 (http)
2019/06/03-23:32 [main] INFO  org.apache.catalina.core.StandardService- Starting service [Tomcat]
2019/06/03-23:32 [main] INFO  org.apache.catalina.core.StandardEngine- Starting Servlet engine: [Apache Tomcat/9.0.16]
2019/06/03-23:32 [main] INFO  org.apache.catalina.core.AprLifecycleListener- Loaded APR based Apache Tomcat Native library [1.2.21] using APR version [1.6.5].
2019/06/03-23:32 [main] INFO  org.apache.catalina.core.AprLifecycleListener- APR capabilities: IPv6 [true], sendfile [true], accept filters [false], random [true].
2019/06/03-23:32 [main] INFO  org.apache.catalina.core.AprLifecycleListener- APR/OpenSSL configuration: useAprConnector [false], useOpenSSL [true]
2019/06/03-23:32 [main] INFO  org.apache.catalina.core.AprLifecycleListener- OpenSSL successfully initialized [OpenSSL 1.1.1a  20 Nov 2018]
2019/06/03-23:32 [main] INFO  org.apache.catalina.core.ContainerBase.[Tomcat].[localhost].[/]- Initializing Spring embedded WebApplicationContext
2019/06/03-23:32 [main] INFO  org.springframework.web.context.ContextLoader- Root WebApplicationContext: initialization completed in 1870 ms
2019/06/03-23:32 [main] INFO  org.springframework.scheduling.concurrent.ThreadPoolTaskExecutor- Initializing ExecutorService 'applicationTaskExecutor'
2019/06/03-23:32 [main] WARN  org.thymeleaf.templatemode.TemplateMode- [THYMELEAF][main] Template Mode 'LEGACYHTML5' is deprecated. Using Template Mode 'HTML' instead.
2019/06/03-23:32 [main] INFO  org.springframework.boot.autoconfigure.web.servlet.WelcomePageHandlerMapping- Adding welcome page template: index
2019/06/03-23:32 [main] INFO  org.springframework.boot.web.embedded.tomcat.TomcatWebServer- Tomcat started on port(s): 8888 (http) with context path ''
2019/06/03-23:32 [main] INFO  com.cn.transport.TransportApplication- Started TransportApplication in 4.336 seconds (JVM running for 5.058)
2019/06/03-23:33 [http-nio-8888-exec-1] INFO  org.apache.catalina.core.ContainerBase.[Tomcat].[localhost].[/]- Initializing Spring DispatcherServlet 'dispatcherServlet'
2019/06/03-23:33 [http-nio-8888-exec-1] INFO  org.springframework.web.servlet.DispatcherServlet- Initializing Servlet 'dispatcherServlet'
2019/06/03-23:33 [http-nio-8888-exec-1] INFO  org.springframework.web.servlet.DispatcherServlet- Completed initialization in 8 ms
2019/06/03-23:33 [http-nio-8888-exec-3] WARN  org.springframework.web.servlet.PageNotFound- No mapping for GET /web/userManage/sidebar.html
2019/06/03-23:33 [http-nio-8888-exec-4] WARN  org.springframework.web.servlet.PageNotFound- No mapping for GET /web/userManage/head.html
2019/06/03-23:34 [http-nio-8888-exec-9] WARN  org.springframework.web.servlet.PageNotFound- No mapping for GET /web/userManage/sidebar.html
2019/06/03-23:34 [http-nio-8888-exec-10] WARN  org.springframework.web.servlet.PageNotFound- No mapping for GET /web/userManage/head.html
2019/06/03-23:36 [main] ERROR org.springframework.boot.context.logging.LoggingApplicationListener- Cannot set level 'ERROR,INFO' for 'org.springframework.web'
2019/06/03-23:36 [main] INFO  com.cn.transport.TransportApplication- Starting TransportApplication on DESKTOP-PH8EV01 with PID 5296 (C:\Users\min.hu\Documents\Source\transport\source\target\classes started by min.hu in C:\Users\min.hu\Documents\Source\transport\source)
2019/06/03-23:36 [main] INFO  com.cn.transport.TransportApplication- No active profile set, falling back to default profiles: default
2019/06/03-23:36 [main] INFO  org.springframework.data.repository.config.RepositoryConfigurationDelegate- Multiple Spring Data modules found, entering strict repository configuration mode!
2019/06/03-23:36 [main] INFO  org.springframework.data.repository.config.RepositoryConfigurationDelegate- Bootstrapping Spring Data repositories in DEFAULT mode.
2019/06/03-23:36 [main] INFO  org.springframework.data.repository.config.RepositoryConfigurationDelegate- Finished Spring Data repository scanning in 13ms. Found 0 repository interfaces.
2019/06/03-23:36 [main] INFO  org.springframework.context.support.PostProcessorRegistrationDelegate$BeanPostProcessorChecker- Bean 'org.springframework.transaction.annotation.ProxyTransactionManagementConfiguration' of type [org.springframework.transaction.annotation.ProxyTransactionManagementConfiguration$$EnhancerBySpringCGLIB$$67736851] is not eligible for getting processed by all BeanPostProcessors (for example: not eligible for auto-proxying)
2019/06/03-23:36 [main] INFO  org.springframework.boot.web.embedded.tomcat.TomcatWebServer- Tomcat initialized with port(s): 8888 (http)
2019/06/03-23:36 [main] INFO  org.apache.catalina.core.StandardService- Starting service [Tomcat]
2019/06/03-23:36 [main] INFO  org.apache.catalina.core.StandardEngine- Starting Servlet engine: [Apache Tomcat/9.0.16]
2019/06/03-23:36 [main] INFO  org.apache.catalina.core.AprLifecycleListener- Loaded APR based Apache Tomcat Native library [1.2.21] using APR version [1.6.5].
2019/06/03-23:36 [main] INFO  org.apache.catalina.core.AprLifecycleListener- APR capabilities: IPv6 [true], sendfile [true], accept filters [false], random [true].
2019/06/03-23:36 [main] INFO  org.apache.catalina.core.AprLifecycleListener- APR/OpenSSL configuration: useAprConnector [false], useOpenSSL [true]
2019/06/03-23:36 [main] INFO  org.apache.catalina.core.AprLifecycleListener- OpenSSL successfully initialized [OpenSSL 1.1.1a  20 Nov 2018]
2019/06/03-23:36 [main] INFO  org.apache.catalina.core.ContainerBase.[Tomcat].[localhost].[/]- Initializing Spring embedded WebApplicationContext
2019/06/03-23:36 [main] INFO  org.springframework.web.context.ContextLoader- Root WebApplicationContext: initialization completed in 1229 ms
2019/06/03-23:36 [main] INFO  org.springframework.scheduling.concurrent.ThreadPoolTaskExecutor- Initializing ExecutorService 'applicationTaskExecutor'
2019/06/03-23:36 [main] WARN  org.thymeleaf.templatemode.TemplateMode- [THYMELEAF][main] Template Mode 'LEGACYHTML5' is deprecated. Using Template Mode 'HTML' instead.
2019/06/03-23:36 [main] INFO  org.springframework.boot.autoconfigure.web.servlet.WelcomePageHandlerMapping- Adding welcome page template: index
2019/06/03-23:36 [main] INFO  org.springframework.boot.web.embedded.tomcat.TomcatWebServer- Tomcat started on port(s): 8888 (http) with context path ''
2019/06/03-23:36 [main] INFO  com.cn.transport.TransportApplication- Started TransportApplication in 3.156 seconds (JVM running for 3.807)
2019/06/03-23:36 [http-nio-8888-exec-1] INFO  org.apache.catalina.core.ContainerBase.[Tomcat].[localhost].[/]- Initializing Spring DispatcherServlet 'dispatcherServlet'
2019/06/03-23:36 [http-nio-8888-exec-1] INFO  org.springframework.web.servlet.DispatcherServlet- Initializing Servlet 'dispatcherServlet'
2019/06/03-23:36 [http-nio-8888-exec-1] INFO  org.springframework.web.servlet.DispatcherServlet- Completed initialization in 5 ms
2019/06/03-23:36 [http-nio-8888-exec-2] WARN  org.springframework.web.servlet.PageNotFound- No mapping for GET /web/userManage/sidebar.html
2019/06/03-23:36 [http-nio-8888-exec-3] WARN  org.springframework.web.servlet.PageNotFound- No mapping for GET /web/userManage/sidebar.html
2019/06/03-23:37 [main] ERROR org.springframework.boot.context.logging.LoggingApplicationListener- Cannot set level 'ERROR,INFO' for 'org.springframework.web'
2019/06/03-23:37 [main] INFO  com.cn.transport.TransportApplication- Starting TransportApplication on DESKTOP-PH8EV01 with PID 22868 (C:\Users\min.hu\Documents\Source\transport\source\target\classes started by min.hu in C:\Users\min.hu\Documents\Source\transport\source)
2019/06/03-23:37 [main] INFO  com.cn.transport.TransportApplication- No active profile set, falling back to default profiles: default
2019/06/03-23:37 [main] INFO  org.springframework.data.repository.config.RepositoryConfigurationDelegate- Multiple Spring Data modules found, entering strict repository configuration mode!
2019/06/03-23:37 [main] INFO  org.springframework.data.repository.config.RepositoryConfigurationDelegate- Bootstrapping Spring Data repositories in DEFAULT mode.
2019/06/03-23:37 [main] INFO  org.springframework.data.repository.config.RepositoryConfigurationDelegate- Finished Spring Data repository scanning in 13ms. Found 0 repository interfaces.
2019/06/03-23:37 [main] INFO  org.springframework.context.support.PostProcessorRegistrationDelegate$BeanPostProcessorChecker- Bean 'org.springframework.transaction.annotation.ProxyTransactionManagementConfiguration' of type [org.springframework.transaction.annotation.ProxyTransactionManagementConfiguration$$EnhancerBySpringCGLIB$$a9c76481] is not eligible for getting processed by all BeanPostProcessors (for example: not eligible for auto-proxying)
2019/06/03-23:37 [main] INFO  org.springframework.boot.web.embedded.tomcat.TomcatWebServer- Tomcat initialized with port(s): 8888 (http)
2019/06/03-23:37 [main] INFO  org.apache.catalina.core.StandardService- Starting service [Tomcat]
2019/06/03-23:37 [main] INFO  org.apache.catalina.core.StandardEngine- Starting Servlet engine: [Apache Tomcat/9.0.16]
2019/06/03-23:37 [main] INFO  org.apache.catalina.core.AprLifecycleListener- Loaded APR based Apache Tomcat Native library [1.2.21] using APR version [1.6.5].
2019/06/03-23:37 [main] INFO  org.apache.catalina.core.AprLifecycleListener- APR capabilities: IPv6 [true], sendfile [true], accept filters [false], random [true].
2019/06/03-23:37 [main] INFO  org.apache.catalina.core.AprLifecycleListener- APR/OpenSSL configuration: useAprConnector [false], useOpenSSL [true]
2019/06/03-23:37 [main] INFO  org.apache.catalina.core.AprLifecycleListener- OpenSSL successfully initialized [OpenSSL 1.1.1a  20 Nov 2018]
2019/06/03-23:37 [main] INFO  org.apache.catalina.core.ContainerBase.[Tomcat].[localhost].[/]- Initializing Spring embedded WebApplicationContext
2019/06/03-23:37 [main] INFO  org.springframework.web.context.ContextLoader- Root WebApplicationContext: initialization completed in 1395 ms
2019/06/03-23:37 [main] INFO  org.springframework.scheduling.concurrent.ThreadPoolTaskExecutor- Initializing ExecutorService 'applicationTaskExecutor'
2019/06/03-23:37 [main] WARN  org.thymeleaf.templatemode.TemplateMode- [THYMELEAF][main] Template Mode 'LEGACYHTML5' is deprecated. Using Template Mode 'HTML' instead.
2019/06/03-23:37 [main] INFO  org.springframework.boot.autoconfigure.web.servlet.WelcomePageHandlerMapping- Adding welcome page template: index
2019/06/03-23:37 [main] INFO  org.springframework.boot.web.embedded.tomcat.TomcatWebServer- Tomcat started on port(s): 8888 (http) with context path ''
2019/06/03-23:37 [main] INFO  com.cn.transport.TransportApplication- Started TransportApplication in 3.65 seconds (JVM running for 4.322)
2019/06/03-23:37 [http-nio-8888-exec-1] INFO  org.apache.catalina.core.ContainerBase.[Tomcat].[localhost].[/]- Initializing Spring DispatcherServlet 'dispatcherServlet'
2019/06/03-23:37 [http-nio-8888-exec-1] INFO  org.springframework.web.servlet.DispatcherServlet- Initializing Servlet 'dispatcherServlet'
2019/06/03-23:37 [http-nio-8888-exec-1] INFO  org.springframework.web.servlet.DispatcherServlet- Completed initialization in 9 ms
2019/06/03-23:37 [http-nio-8888-exec-2] WARN  org.springframework.web.servlet.PageNotFound- No mapping for GET /web/userManage/sidebar.html
2019/06/03-23:38 [http-nio-8888-exec-6] WARN  org.springframework.web.servlet.PageNotFound- No mapping for GET /web/userManage/sidebar.html
2019/06/03-23:39 [main] ERROR org.springframework.boot.context.logging.LoggingApplicationListener- Cannot set level 'ERROR,INFO' for 'org.springframework.web'
2019/06/03-23:39 [main] INFO  com.cn.transport.TransportApplication- Starting TransportApplication on DESKTOP-PH8EV01 with PID 21280 (C:\Users\min.hu\Documents\Source\transport\source\target\classes started by min.hu in C:\Users\min.hu\Documents\Source\transport\source)
2019/06/03-23:39 [main] INFO  com.cn.transport.TransportApplication- No active profile set, falling back to default profiles: default
2019/06/03-23:39 [main] INFO  org.springframework.data.repository.config.RepositoryConfigurationDelegate- Multiple Spring Data modules found, entering strict repository configuration mode!
2019/06/03-23:39 [main] INFO  org.springframework.data.repository.config.RepositoryConfigurationDelegate- Bootstrapping Spring Data repositories in DEFAULT mode.
2019/06/03-23:39 [main] INFO  org.springframework.data.repository.config.RepositoryConfigurationDelegate- Finished Spring Data repository scanning in 13ms. Found 0 repository interfaces.
2019/06/03-23:39 [main] INFO  org.springframework.context.support.PostProcessorRegistrationDelegate$BeanPostProcessorChecker- Bean 'org.springframework.transaction.annotation.ProxyTransactionManagementConfiguration' of type [org.springframework.transaction.annotation.ProxyTransactionManagementConfiguration$$EnhancerBySpringCGLIB$$8749f09c] is not eligible for getting processed by all BeanPostProcessors (for example: not eligible for auto-proxying)
2019/06/03-23:39 [main] INFO  org.springframework.boot.web.embedded.tomcat.TomcatWebServer- Tomcat initialized with port(s): 8888 (http)
2019/06/03-23:39 [main] INFO  org.apache.catalina.core.StandardService- Starting service [Tomcat]
2019/06/03-23:39 [main] INFO  org.apache.catalina.core.StandardEngine- Starting Servlet engine: [Apache Tomcat/9.0.16]
2019/06/03-23:39 [main] INFO  org.apache.catalina.core.AprLifecycleListener- Loaded APR based Apache Tomcat Native library [1.2.21] using APR version [1.6.5].
2019/06/03-23:39 [main] INFO  org.apache.catalina.core.AprLifecycleListener- APR capabilities: IPv6 [true], sendfile [true], accept filters [false], random [true].
2019/06/03-23:39 [main] INFO  org.apache.catalina.core.AprLifecycleListener- APR/OpenSSL configuration: useAprConnector [false], useOpenSSL [true]
2019/06/03-23:39 [main] INFO  org.apache.catalina.core.AprLifecycleListener- OpenSSL successfully initialized [OpenSSL 1.1.1a  20 Nov 2018]
2019/06/03-23:39 [main] INFO  org.apache.catalina.core.ContainerBase.[Tomcat].[localhost].[/]- Initializing Spring embedded WebApplicationContext
2019/06/03-23:39 [main] INFO  org.springframework.web.context.ContextLoader- Root WebApplicationContext: initialization completed in 1543 ms
2019/06/03-23:39 [main] INFO  org.springframework.scheduling.concurrent.ThreadPoolTaskExecutor- Initializing ExecutorService 'applicationTaskExecutor'
2019/06/03-23:39 [main] WARN  org.thymeleaf.templatemode.TemplateMode- [THYMELEAF][main] Template Mode 'LEGACYHTML5' is deprecated. Using Template Mode 'HTML' instead.
2019/06/03-23:39 [main] INFO  org.springframework.boot.autoconfigure.web.servlet.WelcomePageHandlerMapping- Adding welcome page template: index
2019/06/03-23:39 [main] INFO  org.springframework.boot.web.embedded.tomcat.TomcatWebServer- Tomcat started on port(s): 8888 (http) with context path ''
2019/06/03-23:39 [main] INFO  com.cn.transport.TransportApplication- Started TransportApplication in 3.57 seconds (JVM running for 4.209)
2019/06/03-23:39 [http-nio-8888-exec-1] INFO  org.apache.catalina.core.ContainerBase.[Tomcat].[localhost].[/]- Initializing Spring DispatcherServlet 'dispatcherServlet'
2019/06/03-23:39 [http-nio-8888-exec-1] INFO  org.springframework.web.servlet.DispatcherServlet- Initializing Servlet 'dispatcherServlet'
2019/06/03-23:39 [http-nio-8888-exec-1] INFO  org.springframework.web.servlet.DispatcherServlet- Completed initialization in 13 ms
2019/06/03-23:39 [http-nio-8888-exec-2] WARN  org.springframework.web.servlet.PageNotFound- No mapping for GET /web/userManage/sidebar.html
2019/06/03-23:39 [http-nio-8888-exec-3] WARN  org.springframework.web.servlet.PageNotFound- No mapping for GET /web/userManage/sidebar.html
2019/06/03-23:39 [http-nio-8888-exec-4] WARN  org.springframework.web.servlet.PageNotFound- No mapping for GET /web/userManage/head.html
2019/06/03-23:39 [http-nio-8888-exec-7] WARN  org.springframework.web.servlet.PageNotFound- No mapping for GET /web/userManage/sidebar.html
2019/06/03-23:39 [http-nio-8888-exec-8] WARN  org.springframework.web.servlet.PageNotFound- No mapping for GET /web/userManage/sidebar.html
2019/06/03-23:39 [http-nio-8888-exec-9] WARN  org.springframework.web.servlet.PageNotFound- No mapping for GET /web/userManage/head.html
2019/06/03-23:40 [main] ERROR org.springframework.boot.context.logging.LoggingApplicationListener- Cannot set level 'ERROR,INFO' for 'org.springframework.web'
2019/06/03-23:40 [main] INFO  com.cn.transport.TransportApplication- Starting TransportApplication on DESKTOP-PH8EV01 with PID 11988 (C:\Users\min.hu\Documents\Source\transport\source\target\classes started by min.hu in C:\Users\min.hu\Documents\Source\transport\source)
2019/06/03-23:40 [main] INFO  com.cn.transport.TransportApplication- No active profile set, falling back to default profiles: default
2019/06/03-23:40 [main] INFO  org.springframework.data.repository.config.RepositoryConfigurationDelegate- Multiple Spring Data modules found, entering strict repository configuration mode!
2019/06/03-23:40 [main] INFO  org.springframework.data.repository.config.RepositoryConfigurationDelegate- Bootstrapping Spring Data repositories in DEFAULT mode.
2019/06/03-23:40 [main] INFO  org.springframework.data.repository.config.RepositoryConfigurationDelegate- Finished Spring Data repository scanning in 13ms. Found 0 repository interfaces.
2019/06/03-23:40 [main] INFO  org.springframework.context.support.PostProcessorRegistrationDelegate$BeanPostProcessorChecker- Bean 'org.springframework.transaction.annotation.ProxyTransactionManagementConfiguration' of type [org.springframework.transaction.annotation.ProxyTransactionManagementConfiguration$$EnhancerBySpringCGLIB$$c0d189aa] is not eligible for getting processed by all BeanPostProcessors (for example: not eligible for auto-proxying)
2019/06/03-23:40 [main] INFO  org.springframework.boot.web.embedded.tomcat.TomcatWebServer- Tomcat initialized with port(s): 8888 (http)
2019/06/03-23:40 [main] INFO  org.apache.catalina.core.StandardService- Starting service [Tomcat]
2019/06/03-23:40 [main] INFO  org.apache.catalina.core.StandardEngine- Starting Servlet engine: [Apache Tomcat/9.0.16]
2019/06/03-23:40 [main] INFO  org.apache.catalina.core.AprLifecycleListener- Loaded APR based Apache Tomcat Native library [1.2.21] using APR version [1.6.5].
2019/06/03-23:40 [main] INFO  org.apache.catalina.core.AprLifecycleListener- APR capabilities: IPv6 [true], sendfile [true], accept filters [false], random [true].
2019/06/03-23:40 [main] INFO  org.apache.catalina.core.AprLifecycleListener- APR/OpenSSL configuration: useAprConnector [false], useOpenSSL [true]
2019/06/03-23:40 [main] INFO  org.apache.catalina.core.AprLifecycleListener- OpenSSL successfully initialized [OpenSSL 1.1.1a  20 Nov 2018]
2019/06/03-23:40 [main] INFO  org.apache.catalina.core.ContainerBase.[Tomcat].[localhost].[/]- Initializing Spring embedded WebApplicationContext
2019/06/03-23:40 [main] INFO  org.springframework.web.context.ContextLoader- Root WebApplicationContext: initialization completed in 1353 ms
2019/06/03-23:40 [main] INFO  org.springframework.scheduling.concurrent.ThreadPoolTaskExecutor- Initializing ExecutorService 'applicationTaskExecutor'
2019/06/03-23:40 [main] WARN  org.thymeleaf.templatemode.TemplateMode- [THYMELEAF][main] Template Mode 'LEGACYHTML5' is deprecated. Using Template Mode 'HTML' instead.
2019/06/03-23:40 [main] INFO  org.springframework.boot.autoconfigure.web.servlet.WelcomePageHandlerMapping- Adding welcome page template: index
2019/06/03-23:40 [main] INFO  org.springframework.boot.web.embedded.tomcat.TomcatWebServer- Tomcat started on port(s): 8888 (http) with context path ''
2019/06/03-23:40 [main] INFO  com.cn.transport.TransportApplication- Started TransportApplication in 3.74 seconds (JVM running for 4.392)
2019/06/03-23:40 [http-nio-8888-exec-1] INFO  org.apache.catalina.core.ContainerBase.[Tomcat].[localhost].[/]- Initializing Spring DispatcherServlet 'dispatcherServlet'
2019/06/03-23:40 [http-nio-8888-exec-1] INFO  org.springframework.web.servlet.DispatcherServlet- Initializing Servlet 'dispatcherServlet'
2019/06/03-23:40 [http-nio-8888-exec-1] INFO  org.springframework.web.servlet.DispatcherServlet- Completed initialization in 5 ms
2019/06/03-23:40 [http-nio-8888-exec-2] WARN  org.springframework.web.servlet.PageNotFound- No mapping for GET /web/userManage/sidebar.html
2019/06/03-23:40 [http-nio-8888-exec-5] WARN  org.springframework.web.servlet.PageNotFound- No mapping for GET /web/userManage/sidebar.html
2019/06/03-23:40 [http-nio-8888-exec-6] WARN  org.springframework.web.servlet.PageNotFound- No mapping for GET /web/userManage/head.html
2019/06/03-23:41 [main] ERROR org.springframework.boot.context.logging.LoggingApplicationListener- Cannot set level 'ERROR,INFO' for 'org.springframework.web'
2019/06/03-23:41 [main] INFO  com.cn.transport.TransportApplication- Starting TransportApplication on DESKTOP-PH8EV01 with PID 23364 (C:\Users\min.hu\Documents\Source\transport\source\target\classes started by min.hu in C:\Users\min.hu\Documents\Source\transport\source)
2019/06/03-23:41 [main] INFO  com.cn.transport.TransportApplication- No active profile set, falling back to default profiles: default
2019/06/03-23:41 [main] INFO  org.springframework.data.repository.config.RepositoryConfigurationDelegate- Multiple Spring Data modules found, entering strict repository configuration mode!
2019/06/03-23:41 [main] INFO  org.springframework.data.repository.config.RepositoryConfigurationDelegate- Bootstrapping Spring Data repositories in DEFAULT mode.
2019/06/03-23:41 [main] INFO  org.springframework.data.repository.config.RepositoryConfigurationDelegate- Finished Spring Data repository scanning in 13ms. Found 0 repository interfaces.
2019/06/03-23:41 [main] INFO  org.springframework.context.support.PostProcessorRegistrationDelegate$BeanPostProcessorChecker- Bean 'org.springframework.transaction.annotation.ProxyTransactionManagementConfiguration' of type [org.springframework.transaction.annotation.ProxyTransactionManagementConfiguration$$EnhancerBySpringCGLIB$$9393098e] is not eligible for getting processed by all BeanPostProcessors (for example: not eligible for auto-proxying)
2019/06/03-23:41 [main] INFO  org.springframework.boot.web.embedded.tomcat.TomcatWebServer- Tomcat initialized with port(s): 8888 (http)
2019/06/03-23:41 [main] INFO  org.apache.catalina.core.StandardService- Starting service [Tomcat]
2019/06/03-23:41 [main] INFO  org.apache.catalina.core.StandardEngine- Starting Servlet engine: [Apache Tomcat/9.0.16]
2019/06/03-23:41 [main] INFO  org.apache.catalina.core.AprLifecycleListener- Loaded APR based Apache Tomcat Native library [1.2.21] using APR version [1.6.5].
2019/06/03-23:41 [main] INFO  org.apache.catalina.core.AprLifecycleListener- APR capabilities: IPv6 [true], sendfile [true], accept filters [false], random [true].
2019/06/03-23:41 [main] INFO  org.apache.catalina.core.AprLifecycleListener- APR/OpenSSL configuration: useAprConnector [false], useOpenSSL [true]
2019/06/03-23:41 [main] INFO  org.apache.catalina.core.AprLifecycleListener- OpenSSL successfully initialized [OpenSSL 1.1.1a  20 Nov 2018]
2019/06/03-23:41 [main] INFO  org.apache.catalina.core.ContainerBase.[Tomcat].[localhost].[/]- Initializing Spring embedded WebApplicationContext
2019/06/03-23:41 [main] INFO  org.springframework.web.context.ContextLoader- Root WebApplicationContext: initialization completed in 1432 ms
2019/06/03-23:41 [main] INFO  org.springframework.scheduling.concurrent.ThreadPoolTaskExecutor- Initializing ExecutorService 'applicationTaskExecutor'
2019/06/03-23:41 [main] WARN  org.thymeleaf.templatemode.TemplateMode- [THYMELEAF][main] Template Mode 'LEGACYHTML5' is deprecated. Using Template Mode 'HTML' instead.
2019/06/03-23:41 [main] INFO  org.springframework.boot.autoconfigure.web.servlet.WelcomePageHandlerMapping- Adding welcome page template: index
2019/06/03-23:41 [main] INFO  org.springframework.boot.web.embedded.tomcat.TomcatWebServer- Tomcat started on port(s): 8888 (http) with context path ''
2019/06/03-23:41 [main] INFO  com.cn.transport.TransportApplication- Started TransportApplication in 3.117 seconds (JVM running for 3.733)
2019/06/03-23:41 [http-nio-8888-exec-1] INFO  org.apache.catalina.core.ContainerBase.[Tomcat].[localhost].[/]- Initializing Spring DispatcherServlet 'dispatcherServlet'
2019/06/03-23:41 [http-nio-8888-exec-1] INFO  org.springframework.web.servlet.DispatcherServlet- Initializing Servlet 'dispatcherServlet'
2019/06/03-23:41 [http-nio-8888-exec-1] INFO  org.springframework.web.servlet.DispatcherServlet- Completed initialization in 9 ms
2019/06/03-23:41 [http-nio-8888-exec-3] WARN  org.springframework.web.servlet.PageNotFound- No mapping for GET /web/userManage/sidebar.html
2019/06/03-23:41 [http-nio-8888-exec-6] WARN  org.springframework.web.servlet.PageNotFound- No mapping for GET /web/userManage/sidebar.html
2019/06/03-23:42 [main] ERROR org.springframework.boot.context.logging.LoggingApplicationListener- Cannot set level 'ERROR,INFO' for 'org.springframework.web'
2019/06/03-23:42 [main] INFO  com.cn.transport.TransportApplication- Starting TransportApplication on DESKTOP-PH8EV01 with PID 4264 (C:\Users\min.hu\Documents\Source\transport\source\target\classes started by min.hu in C:\Users\min.hu\Documents\Source\transport\source)
2019/06/03-23:42 [main] INFO  com.cn.transport.TransportApplication- No active profile set, falling back to default profiles: default
2019/06/03-23:42 [main] INFO  org.springframework.data.repository.config.RepositoryConfigurationDelegate- Multiple Spring Data modules found, entering strict repository configuration mode!
2019/06/03-23:42 [main] INFO  org.springframework.data.repository.config.RepositoryConfigurationDelegate- Bootstrapping Spring Data repositories in DEFAULT mode.
2019/06/03-23:42 [main] INFO  org.springframework.data.repository.config.RepositoryConfigurationDelegate- Finished Spring Data repository scanning in 11ms. Found 0 repository interfaces.
2019/06/03-23:42 [main] INFO  org.springframework.context.support.PostProcessorRegistrationDelegate$BeanPostProcessorChecker- Bean 'org.springframework.transaction.annotation.ProxyTransactionManagementConfiguration' of type [org.springframework.transaction.annotation.ProxyTransactionManagementConfiguration$$EnhancerBySpringCGLIB$$7ed5170f] is not eligible for getting processed by all BeanPostProcessors (for example: not eligible for auto-proxying)
2019/06/03-23:42 [main] INFO  org.springframework.boot.web.embedded.tomcat.TomcatWebServer- Tomcat initialized with port(s): 8888 (http)
2019/06/03-23:42 [main] INFO  org.apache.catalina.core.StandardService- Starting service [Tomcat]
2019/06/03-23:42 [main] INFO  org.apache.catalina.core.StandardEngine- Starting Servlet engine: [Apache Tomcat/9.0.16]
2019/06/03-23:42 [main] INFO  org.apache.catalina.core.AprLifecycleListener- Loaded APR based Apache Tomcat Native library [1.2.21] using APR version [1.6.5].
2019/06/03-23:42 [main] INFO  org.apache.catalina.core.AprLifecycleListener- APR capabilities: IPv6 [true], sendfile [true], accept filters [false], random [true].
2019/06/03-23:42 [main] INFO  org.apache.catalina.core.AprLifecycleListener- APR/OpenSSL configuration: useAprConnector [false], useOpenSSL [true]
2019/06/03-23:42 [main] INFO  org.apache.catalina.core.AprLifecycleListener- OpenSSL successfully initialized [OpenSSL 1.1.1a  20 Nov 2018]
2019/06/03-23:42 [main] INFO  org.apache.catalina.core.ContainerBase.[Tomcat].[localhost].[/]- Initializing Spring embedded WebApplicationContext
2019/06/03-23:42 [main] INFO  org.springframework.web.context.ContextLoader- Root WebApplicationContext: initialization completed in 1373 ms
2019/06/03-23:42 [main] INFO  org.springframework.scheduling.concurrent.ThreadPoolTaskExecutor- Initializing ExecutorService 'applicationTaskExecutor'
2019/06/03-23:42 [main] WARN  org.thymeleaf.templatemode.TemplateMode- [THYMELEAF][main] Template Mode 'LEGACYHTML5' is deprecated. Using Template Mode 'HTML' instead.
2019/06/03-23:42 [main] INFO  org.springframework.boot.autoconfigure.web.servlet.WelcomePageHandlerMapping- Adding welcome page template: index
2019/06/03-23:42 [main] INFO  org.springframework.boot.web.embedded.tomcat.TomcatWebServer- Tomcat started on port(s): 8888 (http) with context path ''
2019/06/03-23:42 [main] INFO  com.cn.transport.TransportApplication- Started TransportApplication in 3.455 seconds (JVM running for 4.083)
2019/06/03-23:43 [http-nio-8888-exec-1] INFO  org.apache.catalina.core.ContainerBase.[Tomcat].[localhost].[/]- Initializing Spring DispatcherServlet 'dispatcherServlet'
2019/06/03-23:43 [http-nio-8888-exec-1] INFO  org.springframework.web.servlet.DispatcherServlet- Initializing Servlet 'dispatcherServlet'
2019/06/03-23:43 [http-nio-8888-exec-1] INFO  org.springframework.web.servlet.DispatcherServlet- Completed initialization in 6 ms
2019/06/03-23:43 [http-nio-8888-exec-10] WARN  org.springframework.web.servlet.PageNotFound- No mapping for GET /app-email.html
2019/06/03-23:43 [http-nio-8888-exec-1] WARN  org.springframework.web.servlet.PageNotFound- No mapping for GET /app-widget-card.html
2019/06/03-23:45 [main] ERROR org.springframework.boot.context.logging.LoggingApplicationListener- Cannot set level 'ERROR,INFO' for 'org.springframework.web'
2019/06/03-23:45 [main] INFO  com.cn.transport.TransportApplication- Starting TransportApplication on DESKTOP-PH8EV01 with PID 3444 (C:\Users\min.hu\Documents\Source\transport\source\target\classes started by min.hu in C:\Users\min.hu\Documents\Source\transport\source)
2019/06/03-23:45 [main] INFO  com.cn.transport.TransportApplication- No active profile set, falling back to default profiles: default
2019/06/03-23:45 [main] INFO  org.springframework.data.repository.config.RepositoryConfigurationDelegate- Multiple Spring Data modules found, entering strict repository configuration mode!
2019/06/03-23:45 [main] INFO  org.springframework.data.repository.config.RepositoryConfigurationDelegate- Bootstrapping Spring Data repositories in DEFAULT mode.
2019/06/03-23:45 [main] INFO  org.springframework.data.repository.config.RepositoryConfigurationDelegate- Finished Spring Data repository scanning in 13ms. Found 0 repository interfaces.
2019/06/03-23:45 [main] INFO  org.springframework.context.support.PostProcessorRegistrationDelegate$BeanPostProcessorChecker- Bean 'org.springframework.transaction.annotation.ProxyTransactionManagementConfiguration' of type [org.springframework.transaction.annotation.ProxyTransactionManagementConfiguration$$EnhancerBySpringCGLIB$$7b30ecb1] is not eligible for getting processed by all BeanPostProcessors (for example: not eligible for auto-proxying)
2019/06/03-23:45 [main] INFO  org.springframework.boot.web.embedded.tomcat.TomcatWebServer- Tomcat initialized with port(s): 8888 (http)
2019/06/03-23:45 [main] INFO  org.apache.catalina.core.StandardService- Starting service [Tomcat]
2019/06/03-23:45 [main] INFO  org.apache.catalina.core.StandardEngine- Starting Servlet engine: [Apache Tomcat/9.0.16]
2019/06/03-23:45 [main] INFO  org.apache.catalina.core.AprLifecycleListener- Loaded APR based Apache Tomcat Native library [1.2.21] using APR version [1.6.5].
2019/06/03-23:45 [main] INFO  org.apache.catalina.core.AprLifecycleListener- APR capabilities: IPv6 [true], sendfile [true], accept filters [false], random [true].
2019/06/03-23:45 [main] INFO  org.apache.catalina.core.AprLifecycleListener- APR/OpenSSL configuration: useAprConnector [false], useOpenSSL [true]
2019/06/03-23:45 [main] INFO  org.apache.catalina.core.AprLifecycleListener- OpenSSL successfully initialized [OpenSSL 1.1.1a  20 Nov 2018]
2019/06/03-23:45 [main] INFO  org.apache.catalina.core.ContainerBase.[Tomcat].[localhost].[/]- Initializing Spring embedded WebApplicationContext
2019/06/03-23:45 [main] INFO  org.springframework.web.context.ContextLoader- Root WebApplicationContext: initialization completed in 1567 ms
2019/06/03-23:45 [main] INFO  org.springframework.scheduling.concurrent.ThreadPoolTaskExecutor- Initializing ExecutorService 'applicationTaskExecutor'
2019/06/03-23:45 [main] WARN  org.thymeleaf.templatemode.TemplateMode- [THYMELEAF][main] Template Mode 'LEGACYHTML5' is deprecated. Using Template Mode 'HTML' instead.
2019/06/03-23:45 [main] INFO  org.springframework.boot.autoconfigure.web.servlet.WelcomePageHandlerMapping- Adding welcome page template: index
2019/06/03-23:45 [main] INFO  org.springframework.boot.web.embedded.tomcat.TomcatWebServer- Tomcat started on port(s): 8888 (http) with context path ''
2019/06/03-23:45 [main] INFO  com.cn.transport.TransportApplication- Started TransportApplication in 3.544 seconds (JVM running for 4.214)
2019/06/03-23:45 [http-nio-8888-exec-1] INFO  org.apache.catalina.core.ContainerBase.[Tomcat].[localhost].[/]- Initializing Spring DispatcherServlet 'dispatcherServlet'
2019/06/03-23:45 [http-nio-8888-exec-1] INFO  org.springframework.web.servlet.DispatcherServlet- Initializing Servlet 'dispatcherServlet'
2019/06/03-23:45 [http-nio-8888-exec-1] INFO  org.springframework.web.servlet.DispatcherServlet- Completed initialization in 6 ms
2019/06/03-23:49 [main] ERROR org.springframework.boot.context.logging.LoggingApplicationListener- Cannot set level 'ERROR,INFO' for 'org.springframework.web'
2019/06/03-23:49 [main] INFO  com.cn.transport.TransportApplication- Starting TransportApplication on DESKTOP-PH8EV01 with PID 3808 (C:\Users\min.hu\Documents\Source\transport\source\target\classes started by min.hu in C:\Users\min.hu\Documents\Source\transport\source)
2019/06/03-23:49 [main] INFO  com.cn.transport.TransportApplication- No active profile set, falling back to default profiles: default
2019/06/03-23:49 [main] INFO  org.springframework.data.repository.config.RepositoryConfigurationDelegate- Multiple Spring Data modules found, entering strict repository configuration mode!
2019/06/03-23:49 [main] INFO  org.springframework.data.repository.config.RepositoryConfigurationDelegate- Bootstrapping Spring Data repositories in DEFAULT mode.
2019/06/03-23:49 [main] INFO  org.springframework.data.repository.config.RepositoryConfigurationDelegate- Finished Spring Data repository scanning in 12ms. Found 0 repository interfaces.
2019/06/03-23:49 [main] INFO  org.springframework.context.support.PostProcessorRegistrationDelegate$BeanPostProcessorChecker- Bean 'org.springframework.transaction.annotation.ProxyTransactionManagementConfiguration' of type [org.springframework.transaction.annotation.ProxyTransactionManagementConfiguration$$EnhancerBySpringCGLIB$$12e10681] is not eligible for getting processed by all BeanPostProcessors (for example: not eligible for auto-proxying)
2019/06/03-23:49 [main] INFO  org.springframework.boot.web.embedded.tomcat.TomcatWebServer- Tomcat initialized with port(s): 8888 (http)
2019/06/03-23:49 [main] INFO  org.apache.catalina.core.StandardService- Starting service [Tomcat]
2019/06/03-23:49 [main] INFO  org.apache.catalina.core.StandardEngine- Starting Servlet engine: [Apache Tomcat/9.0.16]
2019/06/03-23:49 [main] INFO  org.apache.catalina.core.AprLifecycleListener- Loaded APR based Apache Tomcat Native library [1.2.21] using APR version [1.6.5].
2019/06/03-23:49 [main] INFO  org.apache.catalina.core.AprLifecycleListener- APR capabilities: IPv6 [true], sendfile [true], accept filters [false], random [true].
2019/06/03-23:49 [main] INFO  org.apache.catalina.core.AprLifecycleListener- APR/OpenSSL configuration: useAprConnector [false], useOpenSSL [true]
2019/06/03-23:49 [main] INFO  org.apache.catalina.core.AprLifecycleListener- OpenSSL successfully initialized [OpenSSL 1.1.1a  20 Nov 2018]
2019/06/03-23:49 [main] INFO  org.apache.catalina.core.ContainerBase.[Tomcat].[localhost].[/]- Initializing Spring embedded WebApplicationContext
2019/06/03-23:49 [main] INFO  org.springframework.web.context.ContextLoader- Root WebApplicationContext: initialization completed in 1561 ms
2019/06/03-23:49 [main] INFO  org.springframework.scheduling.concurrent.ThreadPoolTaskExecutor- Initializing ExecutorService 'applicationTaskExecutor'
2019/06/03-23:49 [main] WARN  org.thymeleaf.templatemode.TemplateMode- [THYMELEAF][main] Template Mode 'LEGACYHTML5' is deprecated. Using Template Mode 'HTML' instead.
2019/06/03-23:49 [main] INFO  org.springframework.boot.autoconfigure.web.servlet.WelcomePageHandlerMapping- Adding welcome page template: index
2019/06/03-23:49 [main] INFO  org.springframework.boot.web.embedded.tomcat.TomcatWebServer- Tomcat started on port(s): 8888 (http) with context path ''
2019/06/03-23:49 [main] INFO  com.cn.transport.TransportApplication- Started TransportApplication in 4.188 seconds (JVM running for 4.897)
2019/06/03-23:50 [main] ERROR org.springframework.boot.context.logging.LoggingApplicationListener- Cannot set level 'ERROR,INFO' for 'org.springframework.web'
2019/06/03-23:50 [main] INFO  com.cn.transport.TransportApplication- Starting TransportApplication on DESKTOP-PH8EV01 with PID 17856 (C:\Users\min.hu\Documents\Source\transport\source\target\classes started by min.hu in C:\Users\min.hu\Documents\Source\transport\source)
2019/06/03-23:50 [main] INFO  com.cn.transport.TransportApplication- No active profile set, falling back to default profiles: default
2019/06/03-23:50 [main] INFO  org.springframework.data.repository.config.RepositoryConfigurationDelegate- Multiple Spring Data modules found, entering strict repository configuration mode!
2019/06/03-23:50 [main] INFO  org.springframework.data.repository.config.RepositoryConfigurationDelegate- Bootstrapping Spring Data repositories in DEFAULT mode.
2019/06/03-23:50 [main] INFO  org.springframework.data.repository.config.RepositoryConfigurationDelegate- Finished Spring Data repository scanning in 13ms. Found 0 repository interfaces.
2019/06/03-23:50 [main] INFO  org.springframework.context.support.PostProcessorRegistrationDelegate$BeanPostProcessorChecker- Bean 'org.springframework.transaction.annotation.ProxyTransactionManagementConfiguration' of type [org.springframework.transaction.annotation.ProxyTransactionManagementConfiguration$$EnhancerBySpringCGLIB$$bc707856] is not eligible for getting processed by all BeanPostProcessors (for example: not eligible for auto-proxying)
2019/06/03-23:50 [main] INFO  org.springframework.boot.web.embedded.tomcat.TomcatWebServer- Tomcat initialized with port(s): 8888 (http)
2019/06/03-23:50 [main] INFO  org.apache.catalina.core.StandardService- Starting service [Tomcat]
2019/06/03-23:50 [main] INFO  org.apache.catalina.core.StandardEngine- Starting Servlet engine: [Apache Tomcat/9.0.16]
2019/06/03-23:50 [main] INFO  org.apache.catalina.core.AprLifecycleListener- Loaded APR based Apache Tomcat Native library [1.2.21] using APR version [1.6.5].
2019/06/03-23:50 [main] INFO  org.apache.catalina.core.AprLifecycleListener- APR capabilities: IPv6 [true], sendfile [true], accept filters [false], random [true].
2019/06/03-23:50 [main] INFO  org.apache.catalina.core.AprLifecycleListener- APR/OpenSSL configuration: useAprConnector [false], useOpenSSL [true]
2019/06/03-23:50 [main] INFO  org.apache.catalina.core.AprLifecycleListener- OpenSSL successfully initialized [OpenSSL 1.1.1a  20 Nov 2018]
2019/06/03-23:50 [main] INFO  org.apache.catalina.core.ContainerBase.[Tomcat].[localhost].[/]- Initializing Spring embedded WebApplicationContext
2019/06/03-23:50 [main] INFO  org.springframework.web.context.ContextLoader- Root WebApplicationContext: initialization completed in 1272 ms
2019/06/03-23:50 [main] INFO  org.springframework.scheduling.concurrent.ThreadPoolTaskExecutor- Initializing ExecutorService 'applicationTaskExecutor'
2019/06/03-23:50 [main] WARN  org.thymeleaf.templatemode.TemplateMode- [THYMELEAF][main] Template Mode 'LEGACYHTML5' is deprecated. Using Template Mode 'HTML' instead.
2019/06/03-23:50 [main] INFO  org.springframework.boot.autoconfigure.web.servlet.WelcomePageHandlerMapping- Adding welcome page template: index
2019/06/03-23:51 [main] INFO  org.springframework.boot.web.embedded.tomcat.TomcatWebServer- Tomcat started on port(s): 8888 (http) with context path ''
2019/06/03-23:51 [main] INFO  com.cn.transport.TransportApplication- Started TransportApplication in 3.263 seconds (JVM running for 3.87)
2019/06/03-23:51 [http-nio-8888-exec-1] INFO  org.apache.catalina.core.ContainerBase.[Tomcat].[localhost].[/]- Initializing Spring DispatcherServlet 'dispatcherServlet'
2019/06/03-23:51 [http-nio-8888-exec-1] INFO  org.springframework.web.servlet.DispatcherServlet- Initializing Servlet 'dispatcherServlet'
2019/06/03-23:51 [http-nio-8888-exec-1] INFO  org.springframework.web.servlet.DispatcherServlet- Completed initialization in 6 ms
2019/06/03-23:51 [http-nio-8888-exec-1] WARN  org.springframework.web.servlet.PageNotFound- No mapping for GET /web/userManage/index2
2019/06/03-23:51 [http-nio-8888-exec-5] WARN  org.springframework.web.servlet.PageNotFound- No mapping for GET /web/userManage/index2
2019/06/03-23:51 [main] ERROR org.springframework.boot.context.logging.LoggingApplicationListener- Cannot set level 'ERROR,INFO' for 'org.springframework.web'
2019/06/03-23:51 [main] INFO  com.cn.transport.TransportApplication- Starting TransportApplication on DESKTOP-PH8EV01 with PID 3352 (C:\Users\min.hu\Documents\Source\transport\source\target\classes started by min.hu in C:\Users\min.hu\Documents\Source\transport\source)
2019/06/03-23:51 [main] INFO  com.cn.transport.TransportApplication- No active profile set, falling back to default profiles: default
2019/06/03-23:51 [main] INFO  org.springframework.data.repository.config.RepositoryConfigurationDelegate- Multiple Spring Data modules found, entering strict repository configuration mode!
2019/06/03-23:51 [main] INFO  org.springframework.data.repository.config.RepositoryConfigurationDelegate- Bootstrapping Spring Data repositories in DEFAULT mode.
2019/06/03-23:51 [main] INFO  org.springframework.data.repository.config.RepositoryConfigurationDelegate- Finished Spring Data repository scanning in 16ms. Found 0 repository interfaces.
2019/06/03-23:51 [main] INFO  org.springframework.context.support.PostProcessorRegistrationDelegate$BeanPostProcessorChecker- Bean 'org.springframework.transaction.annotation.ProxyTransactionManagementConfiguration' of type [org.springframework.transaction.annotation.ProxyTransactionManagementConfiguration$$EnhancerBySpringCGLIB$$7ac0be6d] is not eligible for getting processed by all BeanPostProcessors (for example: not eligible for auto-proxying)
2019/06/03-23:51 [main] INFO  org.springframework.boot.web.embedded.tomcat.TomcatWebServer- Tomcat initialized with port(s): 8888 (http)
2019/06/03-23:51 [main] INFO  org.apache.catalina.core.StandardService- Starting service [Tomcat]
2019/06/03-23:51 [main] INFO  org.apache.catalina.core.StandardEngine- Starting Servlet engine: [Apache Tomcat/9.0.16]
2019/06/03-23:51 [main] INFO  org.apache.catalina.core.AprLifecycleListener- Loaded APR based Apache Tomcat Native library [1.2.21] using APR version [1.6.5].
2019/06/03-23:51 [main] INFO  org.apache.catalina.core.AprLifecycleListener- APR capabilities: IPv6 [true], sendfile [true], accept filters [false], random [true].
2019/06/03-23:51 [main] INFO  org.apache.catalina.core.AprLifecycleListener- APR/OpenSSL configuration: useAprConnector [false], useOpenSSL [true]
2019/06/03-23:51 [main] INFO  org.apache.catalina.core.AprLifecycleListener- OpenSSL successfully initialized [OpenSSL 1.1.1a  20 Nov 2018]
2019/06/03-23:51 [main] INFO  org.apache.catalina.core.ContainerBase.[Tomcat].[localhost].[/]- Initializing Spring embedded WebApplicationContext
2019/06/03-23:51 [main] INFO  org.springframework.web.context.ContextLoader- Root WebApplicationContext: initialization completed in 1381 ms
2019/06/03-23:51 [main] INFO  org.springframework.scheduling.concurrent.ThreadPoolTaskExecutor- Initializing ExecutorService 'applicationTaskExecutor'
2019/06/03-23:51 [main] WARN  org.thymeleaf.templatemode.TemplateMode- [THYMELEAF][main] Template Mode 'LEGACYHTML5' is deprecated. Using Template Mode 'HTML' instead.
2019/06/03-23:51 [main] INFO  org.springframework.boot.autoconfigure.web.servlet.WelcomePageHandlerMapping- Adding welcome page template: index
2019/06/03-23:51 [main] INFO  org.springframework.boot.web.embedded.tomcat.TomcatWebServer- Tomcat started on port(s): 8888 (http) with context path ''
2019/06/03-23:51 [main] INFO  com.cn.transport.TransportApplication- Started TransportApplication in 3.201 seconds (JVM running for 3.823)
2019/06/03-23:52 [http-nio-8888-exec-2] INFO  org.apache.catalina.core.ContainerBase.[Tomcat].[localhost].[/]- Initializing Spring DispatcherServlet 'dispatcherServlet'
2019/06/03-23:52 [http-nio-8888-exec-2] INFO  org.springframework.web.servlet.DispatcherServlet- Initializing Servlet 'dispatcherServlet'
2019/06/03-23:52 [http-nio-8888-exec-2] INFO  org.springframework.web.servlet.DispatcherServlet- Completed initialization in 6 ms
2019/06/03-23:52 [http-nio-8888-exec-2] WARN  org.springframework.web.servlet.PageNotFound- No mapping for GET /web/userManage/index2
2019/06/03-23:52 [http-nio-8888-exec-4] WARN  org.springframework.web.servlet.PageNotFound- No mapping for GET /web/userManage/index2
2019/06/03-23:53 [http-nio-8888-exec-6] WARN  org.springframework.web.servlet.PageNotFound- No mapping for GET /web/userManage/index2
2019/06/03-23:53 [main] ERROR org.springframework.boot.context.logging.LoggingApplicationListener- Cannot set level 'ERROR,INFO' for 'org.springframework.web'
2019/06/03-23:53 [main] INFO  com.cn.transport.TransportApplication- Starting TransportApplication on DESKTOP-PH8EV01 with PID 2072 (C:\Users\min.hu\Documents\Source\transport\source\target\classes started by min.hu in C:\Users\min.hu\Documents\Source\transport\source)
2019/06/03-23:53 [main] INFO  com.cn.transport.TransportApplication- No active profile set, falling back to default profiles: default
2019/06/03-23:53 [main] INFO  org.springframework.data.repository.config.RepositoryConfigurationDelegate- Multiple Spring Data modules found, entering strict repository configuration mode!
2019/06/03-23:53 [main] INFO  org.springframework.data.repository.config.RepositoryConfigurationDelegate- Bootstrapping Spring Data repositories in DEFAULT mode.
2019/06/03-23:53 [main] INFO  org.springframework.data.repository.config.RepositoryConfigurationDelegate- Finished Spring Data repository scanning in 15ms. Found 0 repository interfaces.
2019/06/03-23:53 [main] INFO  org.springframework.context.support.PostProcessorRegistrationDelegate$BeanPostProcessorChecker- Bean 'org.springframework.transaction.annotation.ProxyTransactionManagementConfiguration' of type [org.springframework.transaction.annotation.ProxyTransactionManagementConfiguration$$EnhancerBySpringCGLIB$$4667790f] is not eligible for getting processed by all BeanPostProcessors (for example: not eligible for auto-proxying)
2019/06/03-23:53 [main] INFO  org.springframework.boot.web.embedded.tomcat.TomcatWebServer- Tomcat initialized with port(s): 8888 (http)
2019/06/03-23:53 [main] INFO  org.apache.catalina.core.StandardService- Starting service [Tomcat]
2019/06/03-23:53 [main] INFO  org.apache.catalina.core.StandardEngine- Starting Servlet engine: [Apache Tomcat/9.0.16]
2019/06/03-23:53 [main] INFO  org.apache.catalina.core.AprLifecycleListener- Loaded APR based Apache Tomcat Native library [1.2.21] using APR version [1.6.5].
2019/06/03-23:53 [main] INFO  org.apache.catalina.core.AprLifecycleListener- APR capabilities: IPv6 [true], sendfile [true], accept filters [false], random [true].
2019/06/03-23:53 [main] INFO  org.apache.catalina.core.AprLifecycleListener- APR/OpenSSL configuration: useAprConnector [false], useOpenSSL [true]
2019/06/03-23:53 [main] INFO  org.apache.catalina.core.AprLifecycleListener- OpenSSL successfully initialized [OpenSSL 1.1.1a  20 Nov 2018]
2019/06/03-23:53 [main] INFO  org.apache.catalina.core.ContainerBase.[Tomcat].[localhost].[/]- Initializing Spring embedded WebApplicationContext
2019/06/03-23:53 [main] INFO  org.springframework.web.context.ContextLoader- Root WebApplicationContext: initialization completed in 1264 ms
2019/06/03-23:53 [main] INFO  org.springframework.scheduling.concurrent.ThreadPoolTaskExecutor- Initializing ExecutorService 'applicationTaskExecutor'
2019/06/03-23:53 [main] WARN  org.thymeleaf.templatemode.TemplateMode- [THYMELEAF][main] Template Mode 'LEGACYHTML5' is deprecated. Using Template Mode 'HTML' instead.
2019/06/03-23:53 [main] INFO  org.springframework.boot.autoconfigure.web.servlet.WelcomePageHandlerMapping- Adding welcome page template: index
2019/06/03-23:53 [main] INFO  org.springframework.boot.web.embedded.tomcat.TomcatWebServer- Tomcat started on port(s): 8888 (http) with context path ''
2019/06/03-23:53 [main] INFO  com.cn.transport.TransportApplication- Started TransportApplication in 3.206 seconds (JVM running for 3.837)
2019/06/03-23:53 [http-nio-8888-exec-1] INFO  org.apache.catalina.core.ContainerBase.[Tomcat].[localhost].[/]- Initializing Spring DispatcherServlet 'dispatcherServlet'
2019/06/03-23:53 [http-nio-8888-exec-1] INFO  org.springframework.web.servlet.DispatcherServlet- Initializing Servlet 'dispatcherServlet'
2019/06/03-23:53 [http-nio-8888-exec-1] INFO  org.springframework.web.servlet.DispatcherServlet- Completed initialization in 7 ms
2019/06/03-23:53 [http-nio-8888-exec-1] WARN  org.springframework.web.servlet.PageNotFound- No mapping for GET /web/userManage/index2
2019/06/03-23:53 [http-nio-8888-exec-4] INFO  com.zaxxer.hikari.HikariDataSource- HikariPool-1 - Starting...
2019/06/03-23:53 [http-nio-8888-exec-4] INFO  com.zaxxer.hikari.HikariDataSource- HikariPool-1 - Start completed.
2019/06/03-23:54 [main] ERROR org.springframework.boot.context.logging.LoggingApplicationListener- Cannot set level 'ERROR,INFO' for 'org.springframework.web'
2019/06/03-23:54 [main] INFO  com.cn.transport.TransportApplication- Starting TransportApplication on DESKTOP-PH8EV01 with PID 5720 (C:\Users\min.hu\Documents\Source\transport\source\target\classes started by min.hu in C:\Users\min.hu\Documents\Source\transport\source)
2019/06/03-23:54 [main] INFO  com.cn.transport.TransportApplication- No active profile set, falling back to default profiles: default
2019/06/03-23:55 [main] INFO  org.springframework.data.repository.config.RepositoryConfigurationDelegate- Multiple Spring Data modules found, entering strict repository configuration mode!
2019/06/03-23:55 [main] INFO  org.springframework.data.repository.config.RepositoryConfigurationDelegate- Bootstrapping Spring Data repositories in DEFAULT mode.
2019/06/03-23:55 [main] INFO  org.springframework.data.repository.config.RepositoryConfigurationDelegate- Finished Spring Data repository scanning in 14ms. Found 0 repository interfaces.
2019/06/03-23:55 [main] INFO  org.springframework.context.support.PostProcessorRegistrationDelegate$BeanPostProcessorChecker- Bean 'org.springframework.transaction.annotation.ProxyTransactionManagementConfiguration' of type [org.springframework.transaction.annotation.ProxyTransactionManagementConfiguration$$EnhancerBySpringCGLIB$$3d937bb7] is not eligible for getting processed by all BeanPostProcessors (for example: not eligible for auto-proxying)
2019/06/03-23:55 [main] INFO  org.springframework.boot.web.embedded.tomcat.TomcatWebServer- Tomcat initialized with port(s): 8888 (http)
2019/06/03-23:55 [main] INFO  org.apache.catalina.core.StandardService- Starting service [Tomcat]
2019/06/03-23:55 [main] INFO  org.apache.catalina.core.StandardEngine- Starting Servlet engine: [Apache Tomcat/9.0.16]
2019/06/03-23:55 [main] INFO  org.apache.catalina.core.AprLifecycleListener- Loaded APR based Apache Tomcat Native library [1.2.21] using APR version [1.6.5].
2019/06/03-23:55 [main] INFO  org.apache.catalina.core.AprLifecycleListener- APR capabilities: IPv6 [true], sendfile [true], accept filters [false], random [true].
2019/06/03-23:55 [main] INFO  org.apache.catalina.core.AprLifecycleListener- APR/OpenSSL configuration: useAprConnector [false], useOpenSSL [true]
2019/06/03-23:55 [main] INFO  org.apache.catalina.core.AprLifecycleListener- OpenSSL successfully initialized [OpenSSL 1.1.1a  20 Nov 2018]
2019/06/03-23:55 [main] INFO  org.apache.catalina.core.ContainerBase.[Tomcat].[localhost].[/]- Initializing Spring embedded WebApplicationContext
2019/06/03-23:55 [main] INFO  org.springframework.web.context.ContextLoader- Root WebApplicationContext: initialization completed in 1313 ms
2019/06/03-23:55 [main] INFO  org.springframework.scheduling.concurrent.ThreadPoolTaskExecutor- Initializing ExecutorService 'applicationTaskExecutor'
2019/06/03-23:55 [main] WARN  org.thymeleaf.templatemode.TemplateMode- [THYMELEAF][main] Template Mode 'LEGACYHTML5' is deprecated. Using Template Mode 'HTML' instead.
2019/06/03-23:55 [main] INFO  org.springframework.boot.autoconfigure.web.servlet.WelcomePageHandlerMapping- Adding welcome page template: index
2019/06/03-23:55 [main] INFO  org.springframework.boot.web.embedded.tomcat.TomcatWebServer- Tomcat started on port(s): 8888 (http) with context path ''
2019/06/03-23:55 [main] INFO  com.cn.transport.TransportApplication- Started TransportApplication in 3.247 seconds (JVM running for 3.934)
2019/06/03-23:55 [http-nio-8888-exec-1] INFO  org.apache.catalina.core.ContainerBase.[Tomcat].[localhost].[/]- Initializing Spring DispatcherServlet 'dispatcherServlet'
2019/06/03-23:55 [http-nio-8888-exec-1] INFO  org.springframework.web.servlet.DispatcherServlet- Initializing Servlet 'dispatcherServlet'
2019/06/03-23:55 [http-nio-8888-exec-1] INFO  org.springframework.web.servlet.DispatcherServlet- Completed initialization in 8 ms
2019/06/03-23:55 [http-nio-8888-exec-2] INFO  com.zaxxer.hikari.HikariDataSource- HikariPool-1 - Starting...
2019/06/03-23:55 [http-nio-8888-exec-2] INFO  com.zaxxer.hikari.HikariDataSource- HikariPool-1 - Start completed.
